{"name": "test_products_group", "status": "skipped", "statusDetails": {"message": "XFAIL Wait for fix bug\n\nselenium.common.exceptions.ElementClickInterceptedException: Message: element click intercepted: Element <a href=\"https://testqastudio.me?products_group=sale\" class=\"tab-sale \">...</a> is not clickable at point (669, 658). Other element would receive the click: <div class=\"catalog-toolbar-tabs__content\">...</div>\n  (Session info: chrome=115.0.5790.170)\nStacktrace:\n0   chromedriver                        0x0000000100f9aa6c chromedriver + 4303468\n1   chromedriver                        0x0000000100f93198 chromedriver + 4272536\n2   chromedriver                        0x0000000100bc7594 chromedriver + 292244\n3   chromedriver                        0x0000000100c0b1d0 chromedriver + 569808\n4   chromedriver                        0x0000000100c093bc chromedriver + 562108\n5   chromedriver                        0x0000000100c070f8 chromedriver + 553208\n6   chromedriver                        0x0000000100c061e4 chromedriver + 549348\n7   chromedriver                        0x0000000100bfa958 chromedriver + 502104\n8   chromedriver                        0x0000000100bfa220 chromedriver + 500256\n9   chromedriver                        0x0000000100c3d628 chromedriver + 775720\n10  chromedriver                        0x0000000100bf8b40 chromedriver + 494400\n11  chromedriver                        0x0000000100bf9988 chromedriver + 498056\n12  chromedriver                        0x0000000100f5b924 chromedriver + 4045092\n13  chromedriver                        0x0000000100f5fe68 chromedriver + 4062824\n14  chromedriver                        0x0000000100f66088 chromedriver + 4087944\n15  chromedriver                        0x0000000100f6096c chromedriver + 4065644\n16  chromedriver                        0x0000000100f38e64 chromedriver + 3903076\n17  chromedriver                        0x0000000100f7c55c chromedriver + 4179292\n18  chromedriver                        0x0000000100f7c6b4 chromedriver + 4179636\n19  chromedriver                        0x0000000100f8c978 chromedriver + 4245880\n20  libsystem_pthread.dylib             0x00000001809ee06c _pthread_start + 148\n21  libsystem_pthread.dylib             0x00000001809e8e2c thread_start + 8", "trace": "tests/test_shop.py:48: in test_products_group\n    element.click()\n        browser    = <selenium.webdriver.chrome.webdriver.WebDriver (session=\"3a80959704fa288b1739309a8748ef4e\")>\n        element    = <selenium.webdriver.remote.webelement.WebElement (session=\"3a80959704fa288b1739309a8748ef4e\", element=\"B1EC644B27F4D7B20C8F4B62828DFF9E_element_92\")>\n        elements   = [<selenium.webdriver.remote.webelement.WebElement (session=\"3a80959704fa288b1739309a8748ef4e\", element=\"66F3FF1A29A033...lement.WebElement (session=\"3a80959704fa288b1739309a8748ef4e\", element=\"66F3FF1A29A033B147B29B6FAE3D861A_element_30\")>]\n        expected_menu = [('Все', '', \"[class='tab-all active']\"), ('Бестселлеры', '/?products_group=best_sellers', \"[class='tab-best_sellers '... '/?products_group=new', \"[class='tab-new ']\"), ('Распродажа товаров', '/?products_group=sale', \"[class='tab-sale ']\")]\n        item       = ('Распродажа товаров', '/?products_group=sale', \"[class='tab-sale ']\")\n        menu_element = \"[class='catalog-toolbar-tabs__content'] a\"\nenv/lib/python3.11/site-packages/selenium/webdriver/remote/webelement.py:94: in click\n    self._execute(Command.CLICK_ELEMENT)\n        self       = <selenium.webdriver.remote.webelement.WebElement (session=\"3a80959704fa288b1739309a8748ef4e\", element=\"B1EC644B27F4D7B20C8F4B62828DFF9E_element_92\")>\nenv/lib/python3.11/site-packages/selenium/webdriver/remote/webelement.py:395: in _execute\n    return self._parent.execute(command, params)\n        command    = 'clickElement'\n        params     = {'id': 'B1EC644B27F4D7B20C8F4B62828DFF9E_element_92'}\n        self       = <selenium.webdriver.remote.webelement.WebElement (session=\"3a80959704fa288b1739309a8748ef4e\", element=\"B1EC644B27F4D7B20C8F4B62828DFF9E_element_92\")>\nenv/lib/python3.11/site-packages/selenium/webdriver/remote/webdriver.py:345: in execute\n    self.error_handler.check_response(response)\n        driver_command = 'clickElement'\n        params     = {'id': 'B1EC644B27F4D7B20C8F4B62828DFF9E_element_92'}\n        response   = {'status': 400, 'value': '{\"value\":{\"error\":\"element click intercepted\",\"message\":\"element click intercepted: Element ...0001809ee06c _pthread_start + 148\\\\n21  libsystem_pthread.dylib             0x00000001809e8e2c thread_start + 8\\\\n\"}}'}\n        self       = <selenium.webdriver.chrome.webdriver.WebDriver (session=\"3a80959704fa288b1739309a8748ef4e\")>\nenv/lib/python3.11/site-packages/selenium/webdriver/remote/errorhandler.py:229: in check_response\n    raise exception_class(message, screen, stacktrace)\nE   selenium.common.exceptions.ElementClickInterceptedException: Message: element click intercepted: Element <a href=\"https://testqastudio.me?products_group=sale\" class=\"tab-sale \">...</a> is not clickable at point (669, 658). Other element would receive the click: <div class=\"catalog-toolbar-tabs__content\">...</div>\nE     (Session info: chrome=115.0.5790.170)\nE   Stacktrace:\nE   0   chromedriver                        0x0000000100f9aa6c chromedriver + 4303468\nE   1   chromedriver                        0x0000000100f93198 chromedriver + 4272536\nE   2   chromedriver                        0x0000000100bc7594 chromedriver + 292244\nE   3   chromedriver                        0x0000000100c0b1d0 chromedriver + 569808\nE   4   chromedriver                        0x0000000100c093bc chromedriver + 562108\nE   5   chromedriver                        0x0000000100c070f8 chromedriver + 553208\nE   6   chromedriver                        0x0000000100c061e4 chromedriver + 549348\nE   7   chromedriver                        0x0000000100bfa958 chromedriver + 502104\nE   8   chromedriver                        0x0000000100bfa220 chromedriver + 500256\nE   9   chromedriver                        0x0000000100c3d628 chromedriver + 775720\nE   10  chromedriver                        0x0000000100bf8b40 chromedriver + 494400\nE   11  chromedriver                        0x0000000100bf9988 chromedriver + 498056\nE   12  chromedriver                        0x0000000100f5b924 chromedriver + 4045092\nE   13  chromedriver                        0x0000000100f5fe68 chromedriver + 4062824\nE   14  chromedriver                        0x0000000100f66088 chromedriver + 4087944\nE   15  chromedriver                        0x0000000100f6096c chromedriver + 4065644\nE   16  chromedriver                        0x0000000100f38e64 chromedriver + 3903076\nE   17  chromedriver                        0x0000000100f7c55c chromedriver + 4179292\nE   18  chromedriver                        0x0000000100f7c6b4 chromedriver + 4179636\nE   19  chromedriver                        0x0000000100f8c978 chromedriver + 4245880\nE   20  libsystem_pthread.dylib             0x00000001809ee06c _pthread_start + 148\nE   21  libsystem_pthread.dylib             0x00000001809e8e2c thread_start + 8\n        e          = <selenium.webdriver.remote.errorhandler.ErrorCode object at 0x104813ad0>\n        error_code = 'ELEMENT_CLICK_INTERCEPTED'\n        error_codes = ['ELEMENT_CLICK_INTERCEPTED', 'ELEMENT_IS_NOT_SELECTABLE', 'ELEMENT_NOT_INTERACTABLE', 'ELEMENT_NOT_VISIBLE', 'IME_ENGINE_ACTIVATION_FAILED', 'IME_NOT_AVAILABLE', ...]\n        error_info = [64, 'element click intercepted']\n        exception_class = <class 'selenium.common.exceptions.ElementClickInterceptedException'>\n        json       = <module 'json' from '/Library/Frameworks/Python.framework/Versions/3.11/lib/python3.11/json/__init__.py'>\n        message    = 'element click intercepted: Element <a href=\"https://testqastudio.me?products_group=sale\" class=\"tab-sale \">...</a> is...would receive the click: <div class=\"catalog-toolbar-tabs__content\">...</div>\\n  (Session info: chrome=115.0.5790.170)'\n        response   = {'status': 400, 'value': '{\"value\":{\"error\":\"element click intercepted\",\"message\":\"element click intercepted: Element ...0001809ee06c _pthread_start + 148\\\\n21  libsystem_pthread.dylib             0x00000001809e8e2c thread_start + 8\\\\n\"}}'}\n        screen     = None\n        self       = <selenium.webdriver.remote.errorhandler.ErrorHandler object at 0x103a81c10>\n        st_value   = '0   chromedriver                        0x0000000100f9aa6c chromedriver + 4303468\\n1   chromedriver                  ...0x00000001809ee06c _pthread_start + 148\\n21  libsystem_pthread.dylib             0x00000001809e8e2c thread_start + 8\\n'\n        stacktrace = ['0   chromedriver                        0x0000000100f9aa6c chromedriver + 4303468', '1   chromedriver               ...c093bc chromedriver + 562108', '5   chromedriver                        0x0000000100c070f8 chromedriver + 553208', ...]\n        status     = 'element click intercepted'\n        value      = {'error': 'element click intercepted', 'message': 'element click intercepted: Element <a href=\"https://testqastudio.me...x00000001809ee06c _pthread_start + 148\\n21  libsystem_pthread.dylib             0x00000001809e8e2c thread_start + 8\\n'}\n        value_json = '{\"value\":{\"error\":\"element click intercepted\",\"message\":\"element click intercepted: Element \\\\u003Ca href=\\\\\"https://...00001809ee06c _pthread_start + 148\\\\n21  libsystem_pthread.dylib             0x00000001809e8e2c thread_start + 8\\\\n\"}}'"}, "description": "\n    Test case TC-2\n    ", "start": 1692118475871, "stop": 1692118483308, "uuid": "41ecab56-edf3-4255-93a2-38df631859ec", "historyId": "8eb1597fbc3a721fe9415865d2ff840c", "testCaseId": "661b4d561aa9283d092c863c736f17f8", "fullName": "test_shop#test_products_group", "labels": [{"name": "tag", "value": "@pytest.mark.xfail(reason='Wait for fix bug')"}, {"name": "suite", "value": "test_shop"}, {"name": "host", "value": "MacBook-Air-Nikita.local"}, {"name": "thread", "value": "65578-MainThread"}, {"name": "framework", "value": "pytest"}, {"name": "language", "value": "cpython3"}, {"name": "package", "value": "test_shop"}]}